<?xml version="1.0" encoding="UTF-8"?>
<testsuite xmlns:xsi="http://www.w3.org/2001/XMLSchema-instance" xsi:noNamespaceSchemaLocation="https://maven.apache.org/surefire/maven-failsafe-plugin/xsd/failsafe-test-report-3.0.xsd" version="3.0" name="com.labpm.aeroportos.AeroportoFlowIT" time="22.258" tests="1" errors="0" skipped="0" failures="0">
  <properties>
[...]
</properties>
  <testcase name="fluxoCompletoPorIata" classname="com.labpm.aeroportos.AeroportoFlowIT" time="3.305">
    <system-out><![CDATA[17:16:44.592 [main] INFO org.springframework.test.context.support.AnnotationConfigContextLoaderUtils -- Could not detect default configuration classes for test class [com.labpm.aeroportos.AeroportoFlowIT]: AeroportoFlowIT does not declare any static, non-private, non-final, nested classes annotated with @Configuration.
17:16:45.131 [main] INFO org.springframework.boot.test.context.SpringBootTestContextBootstrapper -- Found @SpringBootConfiguration com.labpm.aeroportos.Application for test class com.labpm.aeroportos.AeroportoFlowIT

  .   ____          _            __ _ _
 /\\ / ___'_ __ _ _(_)_ __  __ _ \ \ \ \
( ( )\___ | '_ | '_| | '_ \/ _` | \ \ \ \
 \\/  ___)| |_)| | | | | || (_| |  ) ) ) )
  '  |____| .__|_| |_|_| |_\__, | / / / /
 =========|_|==============|___/=/_/_/_/

 :: Spring Boot ::                (v3.3.4)

2025-12-05T17:16:46.859-03:00  INFO 12448 --- [           main] com.labpm.aeroportos.AeroportoFlowIT     : Starting AeroportoFlowIT using Java 17.0.17 with PID 12448 (started by User in C:\Users\User\Desktop\api-aviao\api-aviao-labpm\springboot-aeroportos)
2025-12-05T17:16:46.864-03:00  INFO 12448 --- [           main] com.labpm.aeroportos.AeroportoFlowIT     : The following 1 profile is active: "it"
2025-12-05T17:16:49.653-03:00  INFO 12448 --- [           main] .s.d.r.c.RepositoryConfigurationDelegate : Bootstrapping Spring Data JPA repositories in DEFAULT mode.
2025-12-05T17:16:49.881-03:00  INFO 12448 --- [           main] .s.d.r.c.RepositoryConfigurationDelegate : Finished Spring Data repository scanning in 204 ms. Found 1 JPA repository interface.
2025-12-05T17:16:51.751-03:00  INFO 12448 --- [           main] o.hibernate.jpa.internal.util.LogHelper  : HHH000204: Processing PersistenceUnitInfo [name: default]
2025-12-05T17:16:51.982-03:00  INFO 12448 --- [           main] org.hibernate.Version                    : HHH000412: Hibernate ORM core version 6.5.3.Final
2025-12-05T17:16:52.121-03:00  INFO 12448 --- [           main] o.h.c.internal.RegionFactoryInitiator    : HHH000026: Second-level cache disabled
2025-12-05T17:16:53.447-03:00  INFO 12448 --- [           main] o.s.o.j.p.SpringPersistenceUnitInfo      : No LoadTimeWeaver setup: ignoring JPA class transformer
2025-12-05T17:16:53.579-03:00  INFO 12448 --- [           main] com.zaxxer.hikari.HikariDataSource       : HikariPool-1 - Starting...
2025-12-05T17:16:54.293-03:00  INFO 12448 --- [           main] com.zaxxer.hikari.pool.HikariPool        : HikariPool-1 - Added connection conn0: url=jdbc:h2:mem:itdb user=SA
2025-12-05T17:16:54.298-03:00  INFO 12448 --- [           main] com.zaxxer.hikari.HikariDataSource       : HikariPool-1 - Start completed.
2025-12-05T17:16:54.435-03:00  WARN 12448 --- [           main] org.hibernate.dialect.Dialect            : HHH000511: The 2.2.224 version for [org.hibernate.dialect.MySQLDialect] is no longer supported, hence certain features may not work properly. The minimum supported version is 8.0.0. Check the community dialects project for available legacy versions.
2025-12-05T17:16:54.447-03:00  WARN 12448 --- [           main] org.hibernate.orm.deprecation            : HHH90000025: MySQLDialect does not need to be specified explicitly using 'hibernate.dialect' (remove the property setting and it will be selected by default)
2025-12-05T17:16:57.557-03:00  INFO 12448 --- [           main] o.h.e.t.j.p.i.JtaPlatformInitiator       : HHH000489: No JTA platform available (set 'hibernate.transaction.jta.platform' to enable JTA platform integration)
2025-12-05T17:16:57.645-03:00  INFO 12448 --- [           main] j.LocalContainerEntityManagerFactoryBean : Initialized JPA EntityManagerFactory for persistence unit 'default'
2025-12-05T17:16:58.543-03:00  INFO 12448 --- [           main] o.s.d.j.r.query.QueryEnhancerFactory     : Hibernate is in classpath; If applicable, HQL parser will be used.
2025-12-05T17:17:01.080-03:00  WARN 12448 --- [           main] JpaBaseConfiguration$JpaWebConfiguration : spring.jpa.open-in-view is enabled by default. Therefore, database queries may be performed during view rendering. Explicitly configure spring.jpa.open-in-view to disable this warning
2025-12-05T17:17:02.607-03:00  INFO 12448 --- [           main] o.s.b.t.m.w.SpringBootMockServletContext : Initializing Spring TestDispatcherServlet ''
2025-12-05T17:17:02.607-03:00  INFO 12448 --- [           main] o.s.t.web.servlet.TestDispatcherServlet  : Initializing Servlet ''
2025-12-05T17:17:02.607-03:00  INFO 12448 --- [           main] o.s.t.web.servlet.TestDispatcherServlet  : Completed initialization in 0 ms
2025-12-05T17:17:02.676-03:00  INFO 12448 --- [           main] com.labpm.aeroportos.AeroportoFlowIT     : Started AeroportoFlowIT in 16.769 seconds (process running for 21.345)
]]></system-out>
  </testcase>
</testsuite>